# JRE version: OpenJDK Runtime Environment (8.0_152-b01) (build 1.8.0_152-release-1248-b01)
# Java VM: OpenJDK 64-Bit Server VM (25.152-b01 mixed mode windows-amd64 compressed oops)
Heap:
 PSYoungGen      total 129024K, used 49386K [0x00000000e0000000, 0x00000000ea000000, 0x0000000100000000)
  eden space 115200K, 34% used [0x00000000e0000000,0x00000000e26a74d0,0x00000000e7080000)
  from space 13824K, 70% used [0x00000000e7080000,0x00000000e7a13528,0x00000000e7e00000)
  to   space 14336K, 0% used [0x00000000e9200000,0x00000000e9200000,0x00000000ea000000)
 ParOldGen       total 97280K, used 25675K [0x00000000a0000000, 0x00000000a5f00000, 0x00000000e0000000)
  object space 97280K, 26% used [0x00000000a0000000,0x00000000a1912e78,0x00000000a5f00000)
 Metaspace       used 54545K, capacity 55872K, committed 55984K, reserved 1097728K
  class space    used 7387K, capacity 7769K, committed 7856K, reserved 1048576K
GC Heap History (10 events):
Event: 29.167 GC heap before
{Heap before GC invocations=9 (full 1):
 PSYoungGen      total 70656K, used 66310K [0x00000000e0000000, 0x00000000e6c00000, 0x0000000100000000)
  eden space 59392K, 99% used [0x00000000e0000000,0x00000000e39e2c20,0x00000000e3a00000)
  from space 11264K, 62% used [0x00000000e3a00000,0x00000000e40deea8,0x00000000e4500000)
  to   space 11264K, 0% used [0x00000000e6100000,0x00000000e6100000,0x00000000e6c00000)
 ParOldGen       total 61440K, used 9881K [0x00000000a0000000, 0x00000000a3c00000, 0x00000000e0000000)
  object space 61440K, 16% used [0x00000000a0000000,0x00000000a09a6560,0x00000000a3c00000)
 Metaspace       used 31574K, capacity 32182K, committed 32304K, reserved 1077248K
  class space    used 4419K, capacity 4610K, committed 4656K, reserved 1048576K
Event: 29.185 GC heap after
Heap after GC invocations=9 (full 1):
 PSYoungGen      total 98304K, used 10143K [0x00000000e0000000, 0x00000000e7480000, 0x0000000100000000)
  eden space 87040K, 0% used [0x00000000e0000000,0x00000000e0000000,0x00000000e5500000)
  from space 11264K, 90% used [0x00000000e6100000,0x00000000e6ae7ff0,0x00000000e6c00000)
  to   space 12288K, 0% used [0x00000000e5500000,0x00000000e5500000,0x00000000e6100000)
 ParOldGen       total 61440K, used 9889K [0x00000000a0000000, 0x00000000a3c00000, 0x00000000e0000000)
  object space 61440K, 16% used [0x00000000a0000000,0x00000000a09a8560,0x00000000a3c00000)
 Metaspace       used 31574K, capacity 32182K, committed 32304K, reserved 1077248K
  class space    used 4419K, capacity 4610K, committed 4656K, reserved 1048576K
}
Event: 30.818 GC heap before
{Heap before GC invocations=10 (full 1):
 PSYoungGen      total 98304K, used 29277K [0x00000000e0000000, 0x00000000e7480000, 0x0000000100000000)
  eden space 87040K, 21% used [0x00000000e0000000,0x00000000e12af728,0x00000000e5500000)
  from space 11264K, 90% used [0x00000000e6100000,0x00000000e6ae7ff0,0x00000000e6c00000)
  to   space 12288K, 0% used [0x00000000e5500000,0x00000000e5500000,0x00000000e6100000)
 ParOldGen       total 61440K, used 9889K [0x00000000a0000000, 0x00000000a3c00000, 0x00000000e0000000)
  object space 61440K, 16% used [0x00000000a0000000,0x00000000a09a8560,0x00000000a3c00000)
 Metaspace       used 34696K, capacity 35380K, committed 35496K, reserved 1079296K
  class space    used 4838K, capacity 5082K, committed 5168K, reserved 1048576K
Event: 30.835 GC heap after
Heap after GC invocations=10 (full 1):
 PSYoungGen      total 99328K, used 8192K [0x00000000e0000000, 0x00000000e8b80000, 0x0000000100000000)
  eden space 87040K, 0% used [0x00000000e0000000,0x00000000e0000000,0x00000000e5500000)
  from space 12288K, 66% used [0x00000000e5500000,0x00000000e5d002a8,0x00000000e6100000)
  to   space 12288K, 0% used [0x00000000e7f80000,0x00000000e7f80000,0x00000000e8b80000)
 ParOldGen       total 61440K, used 11585K [0x00000000a0000000, 0x00000000a3c00000, 0x00000000e0000000)
  object space 61440K, 18% used [0x00000000a0000000,0x00000000a0b50710,0x00000000a3c00000)
 Metaspace       used 34696K, capacity 35380K, committed 35496K, reserved 1079296K
  class space    used 4838K, capacity 5082K, committed 5168K, reserved 1048576K
}
Event: 30.835 GC heap before
{Heap before GC invocations=11 (full 2):
 PSYoungGen      total 99328K, used 8192K [0x00000000e0000000, 0x00000000e8b80000, 0x0000000100000000)
  eden space 87040K, 0% used [0x00000000e0000000,0x00000000e0000000,0x00000000e5500000)
  from space 12288K, 66% used [0x00000000e5500000,0x00000000e5d002a8,0x00000000e6100000)
  to   space 12288K, 0% used [0x00000000e7f80000,0x00000000e7f80000,0x00000000e8b80000)
 ParOldGen       total 61440K, used 11585K [0x00000000a0000000, 0x00000000a3c00000, 0x00000000e0000000)
  object space 61440K, 18% used [0x00000000a0000000,0x00000000a0b50710,0x00000000a3c00000)
 Metaspace       used 34696K, capacity 35380K, committed 35496K, reserved 1079296K
  class space    used 4838K, capacity 5082K, committed 5168K, reserved 1048576K
Event: 31.082 GC heap after
Heap after GC invocations=11 (full 2):
 PSYoungGen      total 99328K, used 0K [0x00000000e0000000, 0x00000000e8b80000, 0x0000000100000000)
  eden space 87040K, 0% used [0x00000000e0000000,0x00000000e0000000,0x00000000e5500000)
  from space 12288K, 0% used [0x00000000e5500000,0x00000000e5500000,0x00000000e6100000)
  to   space 12288K, 0% used [0x00000000e7f80000,0x00000000e7f80000,0x00000000e8b80000)
 ParOldGen       total 97280K, used 16937K [0x00000000a0000000, 0x00000000a5f00000, 0x00000000e0000000)
  object space 97280K, 17% used [0x00000000a0000000,0x00000000a108a6e8,0x00000000a5f00000)
 Metaspace       used 34696K, capacity 35380K, committed 35496K, reserved 1079296K
  class space    used 4838K, capacity 5082K, committed 5168K, reserved 1048576K
}
Event: 34.382 GC heap before
{Heap before GC invocations=12 (full 2):
 PSYoungGen      total 99328K, used 87040K [0x00000000e0000000, 0x00000000e8b80000, 0x0000000100000000)
  eden space 87040K, 100% used [0x00000000e0000000,0x00000000e5500000,0x00000000e5500000)
  from space 12288K, 0% used [0x00000000e5500000,0x00000000e5500000,0x00000000e6100000)
  to   space 12288K, 0% used [0x00000000e7f80000,0x00000000e7f80000,0x00000000e8b80000)
 ParOldGen       total 97280K, used 16937K [0x00000000a0000000, 0x00000000a5f00000, 0x00000000e0000000)
  object space 97280K, 17% used [0x00000000a0000000,0x00000000a108a6e8,0x00000000a5f00000)
 Metaspace       used 42312K, capacity 43212K, committed 43440K, reserved 1087488K
  class space    used 5730K, capacity 6037K, committed 6064K, reserved 1048576K
Event: 34.441 GC heap after
Heap after GC invocations=12 (full 2):
 PSYoungGen      total 120320K, used 12278K [0x00000000e0000000, 0x00000000e8b80000, 0x0000000100000000)
  eden space 108032K, 0% used [0x00000000e0000000,0x00000000e0000000,0x00000000e6980000)
  from space 12288K, 99% used [0x00000000e7f80000,0x00000000e8b7d9d0,0x00000000e8b80000)
  to   space 13824K, 0% used [0x00000000e7080000,0x00000000e7080000,0x00000000e7e00000)
 ParOldGen       total 97280K, used 18131K [0x00000000a0000000, 0x00000000a5f00000, 0x00000000e0000000)
  object space 97280K, 18% used [0x00000000a0000000,0x00000000a11b4cc0,0x00000000a5f00000)
 Metaspace       used 42312K, capacity 43212K, committed 43440K, reserved 1087488K
  class space    used 5730K, capacity 6037K, committed 6064K, reserved 1048576K
}
Event: 39.523 GC heap before
{Heap before GC invocations=13 (full 2):
 PSYoungGen      total 120320K, used 120310K [0x00000000e0000000, 0x00000000e8b80000, 0x0000000100000000)
  eden space 108032K, 100% used [0x00000000e0000000,0x00000000e6980000,0x00000000e6980000)
  from space 12288K, 99% used [0x00000000e7f80000,0x00000000e8b7d9d0,0x00000000e8b80000)
  to   space 13824K, 0% used [0x00000000e7080000,0x00000000e7080000,0x00000000e7e00000)
 ParOldGen       total 97280K, used 18131K [0x00000000a0000000, 0x00000000a5f00000, 0x00000000e0000000)
  object space 97280K, 18% used [0x00000000a0000000,0x00000000a11b4cc0,0x00000000a5f00000)
 Metaspace       used 51591K, capacity 52764K, committed 52912K, reserved 1095680K
  class space    used 6973K, capacity 7327K, committed 7344K, reserved 1048576K
Event: 39.606 GC heap after
Heap after GC invocations=13 (full 2):
 PSYoungGen      total 129024K, used 9805K [0x00000000e0000000, 0x00000000ea000000, 0x0000000100000000)
  eden space 115200K, 0% used [0x00000000e0000000,0x00000000e0000000,0x00000000e7080000)
  from space 13824K, 70% used [0x00000000e7080000,0x00000000e7a13528,0x00000000e7e00000)
  to   space 14336K, 0% used [0x00000000e9200000,0x00000000e9200000,0x00000000ea000000)
 ParOldGen       total 97280K, used 25675K [0x00000000a0000000, 0x00000000a5f00000, 0x00000000e0000000)
  object space 97280K, 26% used [0x00000000a0000000,0x00000000a1912e78,0x00000000a5f00000)
 Metaspace       used 51591K, capacity 52764K, committed 52912K, reserved 1095680K
  class space    used 6973K, capacity 7327K, committed 7344K, reserved 1048576K
}

